<testsuites id="" name="" tests="10" failures="0" skipped="2" errors="7" time="120.254048">
<testsuite name="authentication.smoke.spec.ts" timestamp="2026-07-06T10:22:06.766Z" hostname="chromium" tests="10" failures="0" skipped="2" time="105.439" errors="7">
<testcase name="Authentication Smoke Suite › S-AUTH-01 | Login (password) - basic auth" classname="authentication.smoke.spec.ts" time="1.602">
<system-out>
<![CDATA[
[[ATTACHMENT|authentication.smoke-Authe-03dda-Login-password---basic-auth-chromium\test-failed-1.png]]

[[ATTACHMENT|authentication.smoke-Authe-03dda-Login-password---basic-auth-chromium\video.webm]]

[[ATTACHMENT|authentication.smoke-Authe-03dda-Login-password---basic-auth-chromium\error-context.md]]
]]>
</system-out>
<error message="Request failed with status code 400" type="AxiosError">
<![CDATA[  [chromium] › authentication.smoke.spec.ts:43:3 › Authentication Smoke Suite › S-AUTH-01 | Login (password) - basic auth 

    AxiosError: Request failed with status code 400

       at ..\factories\user.factory.ts:59

      57 |
      58 |     const payload = this.build(role, index);
    > 59 |     const response = await apiClient.post('/auth/register', {
         |                      ^
      60 |       name: payload.name,
      61 |       email: payload.email,
      62 |       mobile: payload.mobile,
        at settle (C:\Users\USER\Mokshith\Production\ME\node_modules\axios\lib\core\settle.js:19:12)
        at IncomingMessage.handleStreamEnd (C:\Users\USER\Mokshith\Production\ME\node_modules\axios\lib\adapters\http.js:1237:13)
        at Axios.request (C:\Users\USER\Mokshith\Production\ME\node_modules\axios\lib\core\Axios.js:46:41)
        at Object.create (C:\Users\USER\Mokshith\Production\ME\tests\factories\user.factory.ts:59:22)
        at C:\Users\USER\Mokshith\Production\ME\tests\smoke\authentication.smoke.spec.ts:44:25

    attachment #1: screenshot (image/png) ──────────────────────────────────────────────────────────
    ..\..\test-results\authentication.smoke-Authe-03dda-Login-password---basic-auth-chromium\test-failed-1.png
    ────────────────────────────────────────────────────────────────────────────────────────────────

    attachment #2: video (video/webm) ──────────────────────────────────────────────────────────────
    ..\..\test-results\authentication.smoke-Authe-03dda-Login-password---basic-auth-chromium\video.webm
    ────────────────────────────────────────────────────────────────────────────────────────────────

    Error Context: ..\..\test-results\authentication.smoke-Authe-03dda-Login-password---basic-auth-chromium\error-context.md
]]>
</error>
</testcase>
<testcase name="Authentication Smoke Suite › S-AUTH-02 | Login (2FA) - conditional if supported" classname="authentication.smoke.spec.ts">
<properties>
<property name="skip" value="">
</property>
</properties>
<skipped>
</skipped>
</testcase>
<testcase name="Authentication Smoke Suite › S-AUTH-03 | Logout (UI)" classname="authentication.smoke.spec.ts" time="32.833">
<system-out>
<![CDATA[
[[ATTACHMENT|authentication.smoke-Authe-86108--Suite-S-AUTH-03-Logout-UI--chromium\test-failed-1.png]]

[[ATTACHMENT|authentication.smoke-Authe-86108--Suite-S-AUTH-03-Logout-UI--chromium\video.webm]]

[[ATTACHMENT|authentication.smoke-Authe-86108--Suite-S-AUTH-03-Logout-UI--chromium\error-context.md]]
]]>
</system-out>
<system-err>
<![CDATA[Cleanup attempt failed for test+b2b_customer3@example.com at /auth/test-delete: Request failed with status code 401
]]>
</system-err>
<error message="Test timeout of 30000ms exceeded." type="Error">
<![CDATA[  [chromium] › authentication.smoke.spec.ts:83:3 › Authentication Smoke Suite › S-AUTH-03 | Logout (UI) 

    Test timeout of 30000ms exceeded.

    Error: locator.count: Target page, context or browser has been closed

       at ..\flows\authentication\login.flow.ts:22

      20 |   // If 2FA input appears, perform verification using provided code
      21 |   const twoFALocator = page.locator(AuthSelectors.login.twoFAVerifyInput);
    > 22 |   if (await twoFALocator.count() > 0 && twoFACode) {
         |                          ^
      23 |     await loginPage.startTwoFAVerify(twoFACode);
      24 |   }
      25 | }
        at loginFlow (C:\Users\USER\Mokshith\Production\ME\tests\flows\authentication\login.flow.ts:22:26)
        at C:\Users\USER\Mokshith\Production\ME\tests\smoke\authentication.smoke.spec.ts:86:5

    attachment #1: screenshot (image/png) ──────────────────────────────────────────────────────────
    ..\..\test-results\authentication.smoke-Authe-86108--Suite-S-AUTH-03-Logout-UI--chromium\test-failed-1.png
    ────────────────────────────────────────────────────────────────────────────────────────────────

    attachment #2: video (video/webm) ──────────────────────────────────────────────────────────────
    ..\..\test-results\authentication.smoke-Authe-86108--Suite-S-AUTH-03-Logout-UI--chromium\video.webm
    ────────────────────────────────────────────────────────────────────────────────────────────────

    Error Context: ..\..\test-results\authentication.smoke-Authe-86108--Suite-S-AUTH-03-Logout-UI--chromium\error-context.md
]]>
</error>
</testcase>
<testcase name="Authentication Smoke Suite › S-AUTHZ-01 | Protected route redirects when unauthenticated" classname="authentication.smoke.spec.ts" time="0.696">
</testcase>
<testcase name="Authentication Smoke Suite › S-AUTHZ-02 | Access protected route with auth (admin)" classname="authentication.smoke.spec.ts" time="0.792">
<system-out>
<![CDATA[
[[ATTACHMENT|authentication.smoke-Authe-fd143-cted-route-with-auth-admin--chromium\test-failed-1.png]]

[[ATTACHMENT|authentication.smoke-Authe-fd143-cted-route-with-auth-admin--chromium\video.webm]]

[[ATTACHMENT|authentication.smoke-Authe-fd143-cted-route-with-auth-admin--chromium\error-context.md]]
]]>
</system-out>
<error message="Request failed with status code 400" type="AxiosError">
<![CDATA[  [chromium] › authentication.smoke.spec.ts:102:3 › Authentication Smoke Suite › S-AUTHZ-02 | Access protected route with auth (admin) 

    AxiosError: Request failed with status code 400

       at ..\factories\user.factory.ts:59

      57 |
      58 |     const payload = this.build(role, index);
    > 59 |     const response = await apiClient.post('/auth/register', {
         |                      ^
      60 |       name: payload.name,
      61 |       email: payload.email,
      62 |       mobile: payload.mobile,
        at settle (C:\Users\USER\Mokshith\Production\ME\node_modules\axios\lib\core\settle.js:19:12)
        at IncomingMessage.handleStreamEnd (C:\Users\USER\Mokshith\Production\ME\node_modules\axios\lib\adapters\http.js:1237:13)
        at Axios.request (C:\Users\USER\Mokshith\Production\ME\node_modules\axios\lib\core\Axios.js:46:41)
        at Object.create (C:\Users\USER\Mokshith\Production\ME\tests\factories\user.factory.ts:59:22)
        at C:\Users\USER\Mokshith\Production\ME\tests\smoke\authentication.smoke.spec.ts:103:25

    attachment #1: screenshot (image/png) ──────────────────────────────────────────────────────────
    ..\..\test-results\authentication.smoke-Authe-fd143-cted-route-with-auth-admin--chromium\test-failed-1.png
    ────────────────────────────────────────────────────────────────────────────────────────────────

    attachment #2: video (video/webm) ──────────────────────────────────────────────────────────────
    ..\..\test-results\authentication.smoke-Authe-fd143-cted-route-with-auth-admin--chromium\video.webm
    ────────────────────────────────────────────────────────────────────────────────────────────────

    Error Context: ..\..\test-results\authentication.smoke-Authe-fd143-cted-route-with-auth-admin--chromium\error-context.md
]]>
</error>
</testcase>
<testcase name="Authentication Smoke Suite › S-SESSION-01 | Token refresh endpoint and rotation" classname="authentication.smoke.spec.ts" time="33.187">
<system-out>
<![CDATA[
[[ATTACHMENT|authentication.smoke-Authe-dccbc-fresh-endpoint-and-rotation-chromium\test-failed-1.png]]

[[ATTACHMENT|authentication.smoke-Authe-dccbc-fresh-endpoint-and-rotation-chromium\video.webm]]

[[ATTACHMENT|authentication.smoke-Authe-dccbc-fresh-endpoint-and-rotation-chromium\error-context.md]]
]]>
</system-out>
<system-err>
<![CDATA[Cleanup attempt failed for test+b2b_customer4@example.com at /auth/test-delete: Request failed with status code 401
]]>
</system-err>
<error message="Test timeout of 30000ms exceeded." type="Error">
<![CDATA[  [chromium] › authentication.smoke.spec.ts:117:3 › Authentication Smoke Suite › S-SESSION-01 | Token refresh endpoint and rotation 

    Test timeout of 30000ms exceeded.

    Error: locator.count: Target page, context or browser has been closed

       at ..\flows\authentication\login.flow.ts:22

      20 |   // If 2FA input appears, perform verification using provided code
      21 |   const twoFALocator = page.locator(AuthSelectors.login.twoFAVerifyInput);
    > 22 |   if (await twoFALocator.count() > 0 && twoFACode) {
         |                          ^
      23 |     await loginPage.startTwoFAVerify(twoFACode);
      24 |   }
      25 | }
        at loginFlow (C:\Users\USER\Mokshith\Production\ME\tests\flows\authentication\login.flow.ts:22:26)
        at C:\Users\USER\Mokshith\Production\ME\tests\smoke\authentication.smoke.spec.ts:121:5

    attachment #1: screenshot (image/png) ──────────────────────────────────────────────────────────
    ..\..\test-results\authentication.smoke-Authe-dccbc-fresh-endpoint-and-rotation-chromium\test-failed-1.png
    ────────────────────────────────────────────────────────────────────────────────────────────────

    attachment #2: video (video/webm) ──────────────────────────────────────────────────────────────
    ..\..\test-results\authentication.smoke-Authe-dccbc-fresh-endpoint-and-rotation-chromium\video.webm
    ────────────────────────────────────────────────────────────────────────────────────────────────

    Error Context: ..\..\test-results\authentication.smoke-Authe-dccbc-fresh-endpoint-and-rotation-chromium\error-context.md
]]>
</error>
</testcase>
<testcase name="Authentication Smoke Suite › S-SESSION-02 | Session restore on app load" classname="authentication.smoke.spec.ts" time="1.277">
<system-out>
<![CDATA[
[[ATTACHMENT|authentication.smoke-Authe-56aab-Session-restore-on-app-load-chromium\test-failed-1.png]]

[[ATTACHMENT|authentication.smoke-Authe-56aab-Session-restore-on-app-load-chromium\video.webm]]

[[ATTACHMENT|authentication.smoke-Authe-56aab-Session-restore-on-app-load-chromium\error-context.md]]
]]>
</system-out>
<error message="Request failed with status code 403" type="AxiosError">
<![CDATA[  [chromium] › authentication.smoke.spec.ts:139:3 › Authentication Smoke Suite › S-SESSION-02 | Session restore on app load 

    AxiosError: Request failed with status code 403

       at ..\fixtures\auth.fixture.ts:11

       9 |
      10 |     // Login using API to obtain tokens; return payload for tests
    > 11 |     const loginRes = await apiClient.post('/auth/login', { mobile: payload.mobile, password: payload.password });
         |                      ^
      12 |     return { user: payload, session: loginRes.data };
      13 |   },
      14 |
        at settle (C:\Users\USER\Mokshith\Production\ME\node_modules\axios\lib\core\settle.js:19:12)
        at IncomingMessage.handleStreamEnd (C:\Users\USER\Mokshith\Production\ME\node_modules\axios\lib\adapters\http.js:1237:13)
        at Axios.request (C:\Users\USER\Mokshith\Production\ME\node_modules\axios\lib\core\Axios.js:46:41)
        at Object.createAndLogin (C:\Users\USER\Mokshith\Production\ME\tests\fixtures\auth.fixture.ts:11:22)
        at C:\Users\USER\Mokshith\Production\ME\tests\smoke\authentication.smoke.spec.ts:141:20

    attachment #1: screenshot (image/png) ──────────────────────────────────────────────────────────
    ..\..\test-results\authentication.smoke-Authe-56aab-Session-restore-on-app-load-chromium\test-failed-1.png
    ────────────────────────────────────────────────────────────────────────────────────────────────

    attachment #2: video (video/webm) ──────────────────────────────────────────────────────────────
    ..\..\test-results\authentication.smoke-Authe-56aab-Session-restore-on-app-load-chromium\video.webm
    ────────────────────────────────────────────────────────────────────────────────────────────────

    Error Context: ..\..\test-results\authentication.smoke-Authe-56aab-Session-restore-on-app-load-chromium\error-context.md
]]>
</error>
</testcase>
<testcase name="Authentication Smoke Suite › S-ROLE-01 | Role-based redirect after login" classname="authentication.smoke.spec.ts" time="0.825">
<system-out>
<![CDATA[
[[ATTACHMENT|authentication.smoke-Authe-eb1c6--based-redirect-after-login-chromium\test-failed-1.png]]

[[ATTACHMENT|authentication.smoke-Authe-eb1c6--based-redirect-after-login-chromium\video.webm]]

[[ATTACHMENT|authentication.smoke-Authe-eb1c6--based-redirect-after-login-chromium\error-context.md]]
]]>
</system-out>
<error message="Request failed with status code 400" type="AxiosError">
<![CDATA[  [chromium] › authentication.smoke.spec.ts:156:3 › Authentication Smoke Suite › S-ROLE-01 | Role-based redirect after login 

    AxiosError: Request failed with status code 400

       at ..\factories\user.factory.ts:59

      57 |
      58 |     const payload = this.build(role, index);
    > 59 |     const response = await apiClient.post('/auth/register', {
         |                      ^
      60 |       name: payload.name,
      61 |       email: payload.email,
      62 |       mobile: payload.mobile,
        at settle (C:\Users\USER\Mokshith\Production\ME\node_modules\axios\lib\core\settle.js:19:12)
        at IncomingMessage.handleStreamEnd (C:\Users\USER\Mokshith\Production\ME\node_modules\axios\lib\adapters\http.js:1237:13)
        at Axios.request (C:\Users\USER\Mokshith\Production\ME\node_modules\axios\lib\core\Axios.js:46:41)
        at Object.create (C:\Users\USER\Mokshith\Production\ME\tests\factories\user.factory.ts:59:22)
        at C:\Users\USER\Mokshith\Production\ME\tests\smoke\authentication.smoke.spec.ts:158:20

    attachment #1: screenshot (image/png) ──────────────────────────────────────────────────────────
    ..\..\test-results\authentication.smoke-Authe-eb1c6--based-redirect-after-login-chromium\test-failed-1.png
    ────────────────────────────────────────────────────────────────────────────────────────────────

    attachment #2: video (video/webm) ──────────────────────────────────────────────────────────────
    ..\..\test-results\authentication.smoke-Authe-eb1c6--based-redirect-after-login-chromium\video.webm
    ────────────────────────────────────────────────────────────────────────────────────────────────

    Error Context: ..\..\test-results\authentication.smoke-Authe-eb1c6--based-redirect-after-login-chromium\error-context.md
]]>
</error>
</testcase>
<testcase name="Authentication Smoke Suite › S-SEC-01 | CSRF token available and accepted for state-changing request" classname="authentication.smoke.spec.ts" time="33.146">
<system-out>
<![CDATA[
[[ATTACHMENT|authentication.smoke-Authe-23f0d--for-state-changing-request-chromium\test-failed-1.png]]

[[ATTACHMENT|authentication.smoke-Authe-23f0d--for-state-changing-request-chromium\video.webm]]

[[ATTACHMENT|authentication.smoke-Authe-23f0d--for-state-changing-request-chromium\error-context.md]]
]]>
</system-out>
<system-err>
<![CDATA[Cleanup attempt failed for test+b2b_customer6@example.com at /auth/test-delete: Request failed with status code 401
]]>
</system-err>
<error message="Test timeout of 30000ms exceeded." type="Error">
<![CDATA[  [chromium] › authentication.smoke.spec.ts:180:3 › Authentication Smoke Suite › S-SEC-01 | CSRF token available and accepted for state-changing request 

    Test timeout of 30000ms exceeded.

    Error: locator.count: Target page, context or browser has been closed

       at ..\flows\authentication\login.flow.ts:22

      20 |   // If 2FA input appears, perform verification using provided code
      21 |   const twoFALocator = page.locator(AuthSelectors.login.twoFAVerifyInput);
    > 22 |   if (await twoFALocator.count() > 0 && twoFACode) {
         |                          ^
      23 |     await loginPage.startTwoFAVerify(twoFACode);
      24 |   }
      25 | }
        at loginFlow (C:\Users\USER\Mokshith\Production\ME\tests\flows\authentication\login.flow.ts:22:26)
        at C:\Users\USER\Mokshith\Production\ME\tests\smoke\authentication.smoke.spec.ts:183:5

    attachment #1: screenshot (image/png) ──────────────────────────────────────────────────────────
    ..\..\test-results\authentication.smoke-Authe-23f0d--for-state-changing-request-chromium\test-failed-1.png
    ────────────────────────────────────────────────────────────────────────────────────────────────

    attachment #2: video (video/webm) ──────────────────────────────────────────────────────────────
    ..\..\test-results\authentication.smoke-Authe-23f0d--for-state-changing-request-chromium\video.webm
    ────────────────────────────────────────────────────────────────────────────────────────────────

    Error Context: ..\..\test-results\authentication.smoke-Authe-23f0d--for-state-changing-request-chromium\error-context.md
]]>
</error>
</testcase>
<testcase name="Authentication Smoke Suite › S-SEC-02 | Cookie security attributes (if cookie-based session in env)" classname="authentication.smoke.spec.ts">
<properties>
<property name="skip" value="">
</property>
</properties>
<skipped>
</skipped>
</testcase>
</testsuite>
</testsuites>