<testsuites id="" name="" tests="1" failures="0" skipped="0" errors="1" time="5.218587">
<testsuite name="authentication.smoke.spec.ts" timestamp="2026-07-06T18:27:16.255Z" hostname="chromium" tests="1" failures="0" skipped="0" time="1.837" errors="1">
<testcase name="Authentication Smoke Suite › S-AUTH-01 | Login (password) - basic auth" classname="authentication.smoke.spec.ts" time="1.837">
<system-out>
<![CDATA[
[[ATTACHMENT|authentication.smoke-Authe-03dda-Login-password---basic-auth-chromium\test-failed-1.png]]

[[ATTACHMENT|authentication.smoke-Authe-03dda-Login-password---basic-auth-chromium\video.webm]]

[[ATTACHMENT|authentication.smoke-Authe-03dda-Login-password---basic-auth-chromium\error-context.md]]
]]>
</system-out>
<error message="Request failed with status code 400" type="AxiosError">
<![CDATA[  [chromium] › authentication.smoke.spec.ts:43:3 › Authentication Smoke Suite › S-AUTH-01 | Login (password) - basic auth 

    AxiosError: Request failed with status code 400

       at ..\factories\user.factory.ts:59

      57 |
      58 |     const payload = this.build(role, index);
    > 59 |     const response = await apiClient.post('/auth/register', {
         |                      ^
      60 |       name: payload.name,
      61 |       email: payload.email,
      62 |       mobile: payload.mobile,
        at settle (C:\Users\USER\Mokshith\Production\ME\node_modules\axios\lib\core\settle.js:19:12)
        at IncomingMessage.handleStreamEnd (C:\Users\USER\Mokshith\Production\ME\node_modules\axios\lib\adapters\http.js:1237:13)
        at Axios.request (C:\Users\USER\Mokshith\Production\ME\node_modules\axios\lib\core\Axios.js:46:41)
        at Object.create (C:\Users\USER\Mokshith\Production\ME\tests\factories\user.factory.ts:59:22)
        at C:\Users\USER\Mokshith\Production\ME\tests\smoke\authentication.smoke.spec.ts:44:25

    attachment #1: screenshot (image/png) ──────────────────────────────────────────────────────────
    ..\..\test-results\authentication.smoke-Authe-03dda-Login-password---basic-auth-chromium\test-failed-1.png
    ────────────────────────────────────────────────────────────────────────────────────────────────

    attachment #2: video (video/webm) ──────────────────────────────────────────────────────────────
    ..\..\test-results\authentication.smoke-Authe-03dda-Login-password---basic-auth-chromium\video.webm
    ────────────────────────────────────────────────────────────────────────────────────────────────

    Error Context: ..\..\test-results\authentication.smoke-Authe-03dda-Login-password---basic-auth-chromium\error-context.md
]]>
</error>
</testcase>
</testsuite>
</testsuites>