<testsuites id="" name="" tests="45" failures="0" skipped="0" errors="0" time="222.49885799999998">
<testsuite name="admin.functional.spec.ts" timestamp="2026-07-30T17:25:36.305Z" hostname="chromium" tests="45" failures="0" skipped="0" time="209.259" errors="0">
<testcase name="Admin Functional Suite › AF-ADM-001 | Quick Action Add Product navigates to Product Management" classname="admin.functional.spec.ts" time="3.792">
</testcase>
<testcase name="Admin Functional Suite › AF-ADM-002 | Quick Action Update Inventory navigates to Inventory Control" classname="admin.functional.spec.ts" time="3.285">
</testcase>
<testcase name="Admin Functional Suite › AF-ADM-003 | Quick Action Approve Vendor navigates to Vendor Management" classname="admin.functional.spec.ts" time="3.231">
</testcase>
<testcase name="Admin Functional Suite › AF-ADM-004 | Quick Action Assign Delivery navigates to Delivery Assignment" classname="admin.functional.spec.ts" time="2.773">
</testcase>
<testcase name="Admin Functional Suite › AF-ADM-005 | Quick Action View Orders navigates to Area Orders" classname="admin.functional.spec.ts" time="3.026">
</testcase>
<testcase name="Admin Functional Suite › AF-ADM-006 | Quick Action Generate Report navigates to Reports" classname="admin.functional.spec.ts" time="4.225">
</testcase>
<testcase name="Admin Functional Suite › AF-ADM-007 | Dashboard Recent Activities section present" classname="admin.functional.spec.ts" time="2.723">
</testcase>
<testcase name="Admin Functional Suite › AF-ADM-008 | Products create Save Product succeeds" classname="admin.functional.spec.ts" time="4.616">
</testcase>
<testcase name="Admin Functional Suite › AF-ADM-009 | Products empty name blocked by HTML required constraint" classname="admin.functional.spec.ts" time="3.953">
</testcase>
<testcase name="Admin Functional Suite › AF-ADM-010 | Products edit Update Product succeeds" classname="admin.functional.spec.ts" time="4.195">
</testcase>
<testcase name="Admin Functional Suite › AF-ADM-011 | Products View opens Product Details modal" classname="admin.functional.spec.ts" time="3.801">
</testcase>
<testcase name="Admin Functional Suite › AF-ADM-012 | Products client search filters table by name" classname="admin.functional.spec.ts" time="4.443">
</testcase>
<testcase name="Admin Functional Suite › AF-ADM-013 | Products Stock filter Out of Stock applies client-side" classname="admin.functional.spec.ts" time="4.818">
</testcase>
<testcase name="Admin Functional Suite › AF-ADM-014 | Products delete confirms and removes row" classname="admin.functional.spec.ts" time="5.111">
</testcase>
<testcase name="Admin Functional Suite › AF-ADM-015 | Categories create Save Category succeeds" classname="admin.functional.spec.ts" time="8.395">
</testcase>
<testcase name="Admin Functional Suite › AF-ADM-016 | Categories edit Update Category succeeds" classname="admin.functional.spec.ts" time="10.429">
</testcase>
<testcase name="Admin Functional Suite › AF-ADM-017 | Categories delete confirms success" classname="admin.functional.spec.ts" time="9.238">
</testcase>
<testcase name="Admin Functional Suite › AF-ADM-018 | Vendors list shows summary cards and seeded search" classname="admin.functional.spec.ts" time="3.901">
</testcase>
<testcase name="Admin Functional Suite › AF-ADM-019 | Vendors Status filter Pending" classname="admin.functional.spec.ts" time="4.264">
</testcase>
<testcase name="Admin Functional Suite › AF-ADM-020 | Vendors Approve pending vendor" classname="admin.functional.spec.ts" time="4.509">
</testcase>
<testcase name="Admin Functional Suite › AF-ADM-021 | Vendors Reject pending vendor" classname="admin.functional.spec.ts" time="3.919">
</testcase>
<testcase name="Admin Functional Suite › AF-ADM-022 | Vendors Suspend approved vendor" classname="admin.functional.spec.ts" time="4.803">
</testcase>
<testcase name="Admin Functional Suite › AF-ADM-023 | Vendors View Profile modal" classname="admin.functional.spec.ts" time="3.876">
</testcase>
<testcase name="Admin Functional Suite › AF-ADM-024 | Orders list loads with seeded order searchable" classname="admin.functional.spec.ts" time="3.94">
</testcase>
<testcase name="Admin Functional Suite › AF-ADM-025 | Orders Status filter Pending sends status query" classname="admin.functional.spec.ts" time="4.182">
</testcase>
<testcase name="Admin Functional Suite › AF-ADM-026 | Orders Refresh force-refetches list" classname="admin.functional.spec.ts" time="3.892">
</testcase>
<testcase name="Admin Functional Suite › AF-ADM-027 | Orders pagination controls visible when pages exist" classname="admin.functional.spec.ts" time="4.419">
</testcase>
<testcase name="Admin Functional Suite › AF-ADM-028 | Orders Manage opens Order Management modal" classname="admin.functional.spec.ts" time="4.734">
</testcase>
<testcase name="Admin Functional Suite › AF-ADM-029 | Inventory stats testids visible" classname="admin.functional.spec.ts" time="5.025">
</testcase>
<testcase name="Admin Functional Suite › AF-ADM-030 | Inventory search finds seeded product" classname="admin.functional.spec.ts" time="4.721">
</testcase>
<testcase name="Admin Functional Suite › AF-ADM-031 | Inventory Update Stock PATCH succeeds" classname="admin.functional.spec.ts" time="6.142">
</testcase>
<testcase name="Admin Functional Suite › AF-ADM-032 | Inventory invalid quantity shows client validation" classname="admin.functional.spec.ts" time="4.858">
</testcase>
<testcase name="Admin Functional Suite › AF-ADM-033 | Delivery tabs Unassigned Active Completed switch" classname="admin.functional.spec.ts" time="7.601">
</testcase>
<testcase name="Admin Functional Suite › AF-ADM-034 | Delivery Assign Delivery confirms partner assignment" classname="admin.functional.spec.ts" time="5.96">
</testcase>
<testcase name="Admin Functional Suite › AF-ADM-035 | Delivery Active Reassign opens reassign modal" classname="admin.functional.spec.ts" time="7.226">
</testcase>
<testcase name="Admin Functional Suite › AF-ADM-036 | Delivery Refresh reloads queue" classname="admin.functional.spec.ts" time="5.977">
</testcase>
<testcase name="Admin Functional Suite › AF-ADM-037 | Reports Vendor Report Download CSV available" classname="admin.functional.spec.ts" time="4.276">
</testcase>
<testcase name="Admin Functional Suite › AF-ADM-038 | Reports PDF Generate shows CSV-only error" classname="admin.functional.spec.ts" time="3.424">
</testcase>
<testcase name="Admin Functional Suite › AF-ADM-039 | Analytics shows Completion Rate (delivery-backed)" classname="admin.functional.spec.ts" time="5.086">
</testcase>
<testcase name="Admin Functional Suite › AF-ADM-040 | Settings Profile Save Profile succeeds with required fields" classname="admin.functional.spec.ts" time="4.668">
</testcase>
<testcase name="Admin Functional Suite › AF-ADM-041 | Settings Preferences Save Preferences succeeds" classname="admin.functional.spec.ts" time="3.573">
</testcase>
<testcase name="Admin Functional Suite › AF-ADM-042 | Settings Account tab exposes password fields without submit" classname="admin.functional.spec.ts" time="4.364">
</testcase>
<testcase name="Admin Functional Suite › AF-ADM-043 | Notification drawer opens with Mark all as read control" classname="admin.functional.spec.ts" time="2.502">
</testcase>
<testcase name="Admin Functional Suite › AF-ADM-044 | Browser refresh keeps admin on Products after navigation" classname="admin.functional.spec.ts" time="4.556">
</testcase>
<testcase name="Admin Functional Suite › AF-ADM-045 | Authenticated GET /admin/stats still succeeds after UI flows" classname="admin.functional.spec.ts" time="0.807">
</testcase>
</testsuite>
</testsuites>