<testsuites id="" name="" tests="1" failures="0" skipped="0" errors="1" time="36.821908">
<testsuite name="smoke\authentication.smoke.spec.ts" timestamp="2026-07-02T06:21:53.019Z" hostname="chromium" tests="1" failures="0" skipped="0" time="32.814" errors="1">
<testcase name="Authentication Smoke Suite › S-AUTH-01 | Login (password) - basic auth" classname="smoke\authentication.smoke.spec.ts" time="32.814">
<system-out>
<![CDATA[
[[ATTACHMENT|smoke-authentication.smoke-70bc8-Login-password---basic-auth-chromium\test-failed-1.png]]

[[ATTACHMENT|smoke-authentication.smoke-70bc8-Login-password---basic-auth-chromium\video.webm]]

[[ATTACHMENT|smoke-authentication.smoke-70bc8-Login-password---basic-auth-chromium\error-context.md]]
]]>
</system-out>
<system-err>
<![CDATA[Cleanup attempt failed for test+b2b_customer1@example.com at /auth/test-delete: Request failed with status code 401
]]>
</system-err>
<error message="Test timeout of 30000ms exceeded." type="Error">
<![CDATA[  [chromium] › smoke\authentication.smoke.spec.ts:43:3 › Authentication Smoke Suite › S-AUTH-01 | Login (password) - basic auth 

    Test timeout of 30000ms exceeded.

    Error: locator.count: Target page, context or browser has been closed

       at flows\authentication\login.flow.ts:22

      20 |   // If 2FA input appears, perform verification using provided code
      21 |   const twoFALocator = page.locator(AuthSelectors.login.twoFAVerifyInput);
    > 22 |   if (await twoFALocator.count() > 0 && twoFACode) {
         |                          ^
      23 |     await loginPage.startTwoFAVerify(twoFACode);
      24 |   }
      25 | }
        at loginFlow (C:\Users\USER\Mokshith\Production\ME\tests\flows\authentication\login.flow.ts:22:26)
        at C:\Users\USER\Mokshith\Production\ME\tests\smoke\authentication.smoke.spec.ts:47:5

    attachment #1: screenshot (image/png) ──────────────────────────────────────────────────────────
    ..\test-results\smoke-authentication.smoke-70bc8-Login-password---basic-auth-chromium\test-failed-1.png
    ────────────────────────────────────────────────────────────────────────────────────────────────

    attachment #2: video (video/webm) ──────────────────────────────────────────────────────────────
    ..\test-results\smoke-authentication.smoke-70bc8-Login-password---basic-auth-chromium\video.webm
    ────────────────────────────────────────────────────────────────────────────────────────────────

    Error Context: ..\test-results\smoke-authentication.smoke-70bc8-Login-password---basic-auth-chromium\error-context.md
]]>
</error>
</testcase>
</testsuite>
</testsuites>