<testsuites id="" name="" tests="46" failures="0" skipped="0" errors="0" time="67.085908">
<testsuite name="logistics.validation.spec.ts" timestamp="2026-07-30T08:48:37.858Z" hostname="chromium" tests="46" failures="0" skipped="0" time="35.211" errors="0">
<testcase name="Logistics Validation Certification Suite › Section A — PATCH assign Joi Input Validation › LV-LOG-001 | Missing deliveryPartnerId rejected" classname="logistics.validation.spec.ts" time="0.261">
<system-err>
<![CDATA[Warning: failed to clear logistics validation rate limits: Command failed: node "C:\Users\USER\Mokshith\Production\b2b-backend\scripts\clearAuthRateLimits.js"
]]>
</system-err>
</testcase>
<testcase name="Logistics Validation Certification Suite › Section A — PATCH assign Joi Input Validation › LV-LOG-002 | Null deliveryPartnerId rejected" classname="logistics.validation.spec.ts" time="0.231">
</testcase>
<testcase name="Logistics Validation Certification Suite › Section A — PATCH assign Joi Input Validation › LV-LOG-003 | Empty string deliveryPartnerId rejected" classname="logistics.validation.spec.ts" time="0.207">
</testcase>
<testcase name="Logistics Validation Certification Suite › Section A — PATCH assign Joi Input Validation › LV-LOG-004 | Non-string deliveryPartnerId rejected" classname="logistics.validation.spec.ts" time="0.24">
</testcase>
<testcase name="Logistics Validation Certification Suite › Section A — PATCH assign Joi Input Validation › LV-LOG-005 | Array deliveryPartnerId rejected" classname="logistics.validation.spec.ts" time="0.237">
</testcase>
<testcase name="Logistics Validation Certification Suite › Section A — PATCH assign Joi Input Validation › LV-LOG-006 | Object deliveryPartnerId rejected (Mongo operator shape)" classname="logistics.validation.spec.ts" time="0.239">
</testcase>
<testcase name="Logistics Validation Certification Suite › Section A — PATCH assign Joi Input Validation › LV-LOG-007 | Reassign missing deliveryPartnerId rejected" classname="logistics.validation.spec.ts" time="0.218">
</testcase>
<testcase name="Logistics Validation Certification Suite › Section A — PATCH assign Joi Input Validation › LV-LOG-008 | Reassign empty deliveryPartnerId rejected" classname="logistics.validation.spec.ts" time="0.25">
</testcase>
<testcase name="Logistics Validation Certification Suite › Section B — Assign / Reassign Service Validation › LV-LOG-009 | Unknown deliveryPartner returns 404" classname="logistics.validation.spec.ts" time="0.315">
</testcase>
<testcase name="Logistics Validation Certification Suite › Section B — Assign / Reassign Service Validation › LV-LOG-010 | Non-partner user id treated as inactive/not found" classname="logistics.validation.spec.ts" time="0.327">
</testcase>
<testcase name="Logistics Validation Certification Suite › Section B — Assign / Reassign Service Validation › LV-LOG-011 | Invalid shipment ObjectId on assign → CastError 400" classname="logistics.validation.spec.ts" time="0.205">
</testcase>
<testcase name="Logistics Validation Certification Suite › Section B — Assign / Reassign Service Validation › LV-LOG-012 | Unknown shipment id on assign → 404" classname="logistics.validation.spec.ts" time="0.278">
</testcase>
<testcase name="Logistics Validation Certification Suite › Section B — Assign / Reassign Service Validation › LV-LOG-013 | Invalid deliveryPartnerId ObjectId → CastError 400" classname="logistics.validation.spec.ts" time="0.319">
</testcase>
<testcase name="Logistics Validation Certification Suite › Section B — Assign / Reassign Service Validation › LV-LOG-014 | Re-assign same partner while ASSIGNED succeeds (no duplicate block)" classname="logistics.validation.spec.ts" time="0.636">
</testcase>
<testcase name="Logistics Validation Certification Suite › Section B — Assign / Reassign Service Validation › LV-LOG-015 | Reassign to second partner succeeds before terminal" classname="logistics.validation.spec.ts" time="1.416">
</testcase>
<testcase name="Logistics Validation Certification Suite › Section B — Assign / Reassign Service Validation › LV-LOG-016 | Assign after COMPLETED rejected" classname="logistics.validation.spec.ts" time="0.297">
</testcase>
<testcase name="Logistics Validation Certification Suite › Section B — Assign / Reassign Service Validation › LV-LOG-017 | Reassign after COMPLETED rejected" classname="logistics.validation.spec.ts" time="0.294">
</testcase>
<testcase name="Logistics Validation Certification Suite › Section B — Assign / Reassign Service Validation › LV-LOG-018 | Assign after DELIVERED rejected (same terminal gate)" classname="logistics.validation.spec.ts" time="0.248">
</testcase>
<testcase name="Logistics Validation Certification Suite › Section C — Create Shipment &amp; Lookup Validation › LV-LOG-019 | Create shipment unknown order → 404" classname="logistics.validation.spec.ts" time="0.316">
</testcase>
<testcase name="Logistics Validation Certification Suite › Section C — Create Shipment &amp; Lookup Validation › LV-LOG-020 | Create shipment invalid order ObjectId → 400" classname="logistics.validation.spec.ts" time="0.244">
</testcase>
<testcase name="Logistics Validation Certification Suite › Section C — Create Shipment &amp; Lookup Validation › LV-LOG-021 | GET unknown shipment → 404" classname="logistics.validation.spec.ts" time="0.281">
</testcase>
<testcase name="Logistics Validation Certification Suite › Section C — Create Shipment &amp; Lookup Validation › LV-LOG-022 | GET invalid shipment ObjectId → 400" classname="logistics.validation.spec.ts" time="0.215">
</testcase>
<testcase name="Logistics Validation Certification Suite › Section C — Create Shipment &amp; Lookup Validation › LV-LOG-023 | Duplicate create returns existing shipment (idempotent)" classname="logistics.validation.spec.ts" time="0.367">
</testcase>
<testcase name="Logistics Validation Certification Suite › Section D — Lifecycle Transition Validation › LV-LOG-024 | Invalid skip transition ASSIGNED → PICKED rejected" classname="logistics.validation.spec.ts" time="0.56">
</testcase>
<testcase name="Logistics Validation Certification Suite › Section D — Lifecycle Transition Validation › LV-LOG-025 | Accept from ASSIGNED succeeds" classname="logistics.validation.spec.ts" time="0.535">
</testcase>
<testcase name="Logistics Validation Certification Suite › Section D — Lifecycle Transition Validation › LV-LOG-026 | Duplicate accept (ACCEPTED → ACCEPTED) rejected" classname="logistics.validation.spec.ts" time="0.273">
</testcase>
<testcase name="Logistics Validation Certification Suite › Section D — Lifecycle Transition Validation › LV-LOG-027 | Invalid start while ACCEPTED rejected" classname="logistics.validation.spec.ts" time="0.306">
</testcase>
<testcase name="Logistics Validation Certification Suite › Section D — Lifecycle Transition Validation › LV-LOG-028 | Transition after COMPLETED rejected" classname="logistics.validation.spec.ts" time="0.302">
</testcase>
<testcase name="Logistics Validation Certification Suite › Section D — Lifecycle Transition Validation › LV-LOG-029 | Delivered on PENDING shipment rejected" classname="logistics.validation.spec.ts" time="0.3">
</testcase>
<testcase name="Logistics Validation Certification Suite › Section D — Lifecycle Transition Validation › LV-LOG-030 | Complete without notes/proof when DELIVERED succeeds (optional)" classname="logistics.validation.spec.ts" time="0.639">
</testcase>
<testcase name="Logistics Validation Certification Suite › Section D — Lifecycle Transition Validation › LV-LOG-031 | Complete after already COMPLETED rejected" classname="logistics.validation.spec.ts" time="0.277">
</testcase>
<testcase name="Logistics Validation Certification Suite › Section E — Soft / Absent Request Validators › LV-LOG-032 | Location with empty body reaches service (no Joi)" classname="logistics.validation.spec.ts" time="0.261">
</testcase>
<testcase name="Logistics Validation Certification Suite › Section E — Soft / Absent Request Validators › LV-LOG-033 | Complete accepts unicode notes when DELIVERED path available" classname="logistics.validation.spec.ts" time="6.507">
</testcase>
<testcase name="Logistics Validation Certification Suite › Section E — Soft / Absent Request Validators › LV-LOG-034 | XSS string as deliveryPartnerId rejected by partner lookup or CastError" classname="logistics.validation.spec.ts" time="0.288">
</testcase>
<testcase name="Logistics Validation Certification Suite › Section E — Soft / Absent Request Validators › LV-LOG-035 | Prototype pollution keys on assign do not grant success without partner" classname="logistics.validation.spec.ts" time="0.677">
</testcase>
<testcase name="Logistics Validation Certification Suite › Section F — Transport Validation › LV-LOG-036 | Invalid JSON body on assign rejected" classname="logistics.validation.spec.ts" time="0.103">
</testcase>
<testcase name="Logistics Validation Certification Suite › Section F — Transport Validation › LV-LOG-037 | Wrong Content-Type text/plain fails Joi (missing partner)" classname="logistics.validation.spec.ts" time="0.264">
</testcase>
<testcase name="Logistics Validation Certification Suite › Section F — Transport Validation › LV-LOG-038 | Empty body string with JSON content-type fails Joi" classname="logistics.validation.spec.ts" time="0.258">
</testcase>
<testcase name="Logistics Validation Certification Suite › Section G — Envelope Consistency › LV-LOG-039 | Joi error envelope success=false + message" classname="logistics.validation.spec.ts" time="0.273">
</testcase>
<testcase name="Logistics Validation Certification Suite › Section G — Envelope Consistency › LV-LOG-040 | Service 404 envelope for unknown partner" classname="logistics.validation.spec.ts" time="0.356">
</testcase>
<testcase name="Logistics Validation Certification Suite › Section G — Envelope Consistency › LV-LOG-041 | Transition error envelope" classname="logistics.validation.spec.ts" time="0.272">
</testcase>
<testcase name="Logistics Validation Certification Suite › Section G — Envelope Consistency › LV-LOG-042 | Successful assign envelope" classname="logistics.validation.spec.ts" time="0.971">
</testcase>
<testcase name="Logistics Validation Certification Suite › Section G — Envelope Consistency › LV-LOG-043 | CastError includes INVALID_ID code when present" classname="logistics.validation.spec.ts" time="0.222">
</testcase>
<testcase name="Logistics Validation Certification Suite › Section H — Frontend Client Validation › LV-LOG-044 | Assign modal Confirm disabled without partner selection" classname="logistics.validation.spec.ts" time="6.778">
</testcase>
<testcase name="Logistics Validation Certification Suite › Section H — Frontend Client Validation › LV-LOG-045 | Order details hides primary action while loading then enables" classname="logistics.validation.spec.ts" time="3.676">
</testcase>
<testcase name="Logistics Validation Certification Suite › Section H — Frontend Client Validation › LV-LOG-046 | Completed delivery Confirm button stays disabled" classname="logistics.validation.spec.ts" time="3.472">
</testcase>
</testsuite>
</testsuites>