<testsuites id="" name="" tests="60" failures="0" skipped="0" errors="0" time="38.372423000000005">
<testsuite name="inventory.validation.spec.ts" timestamp="2026-07-31T12:55:53.695Z" hostname="chromium" tests="60" failures="0" skipped="0" time="32.708" errors="0">
<testcase name="Inventory Validation Certification Suite › Section A — POST /inventory Joi Input Validation › IV-INV-001 | Reject missing productId" classname="inventory.validation.spec.ts" time="0.196">
</testcase>
<testcase name="Inventory Validation Certification Suite › Section A — POST /inventory Joi Input Validation › IV-INV-002 | Reject missing warehouseId" classname="inventory.validation.spec.ts" time="0.186">
</testcase>
<testcase name="Inventory Validation Certification Suite › Section A — POST /inventory Joi Input Validation › IV-INV-003 | Reject missing stock" classname="inventory.validation.spec.ts" time="0.166">
</testcase>
<testcase name="Inventory Validation Certification Suite › Section A — POST /inventory Joi Input Validation › IV-INV-004 | Reject null productId" classname="inventory.validation.spec.ts" time="0.191">
</testcase>
<testcase name="Inventory Validation Certification Suite › Section A — POST /inventory Joi Input Validation › IV-INV-005 | Reject empty string productId" classname="inventory.validation.spec.ts" time="0.185">
</testcase>
<testcase name="Inventory Validation Certification Suite › Section A — POST /inventory Joi Input Validation › IV-INV-006 | Reject empty string warehouseId" classname="inventory.validation.spec.ts" time="0.2">
</testcase>
<testcase name="Inventory Validation Certification Suite › Section A — POST /inventory Joi Input Validation › IV-INV-007 | Reject stock below 1 (zero)" classname="inventory.validation.spec.ts" time="0.167">
</testcase>
<testcase name="Inventory Validation Certification Suite › Section A — POST /inventory Joi Input Validation › IV-INV-008 | Reject negative stock on POST" classname="inventory.validation.spec.ts" time="0.176">
</testcase>
<testcase name="Inventory Validation Certification Suite › Section A — POST /inventory Joi Input Validation › IV-INV-009 | Reject non-numeric stock" classname="inventory.validation.spec.ts" time="0.187">
</testcase>
<testcase name="Inventory Validation Certification Suite › Section A — POST /inventory Joi Input Validation › IV-INV-010 | Reject invalid ObjectId productId" classname="inventory.validation.spec.ts" time="0.167">
</testcase>
<testcase name="Inventory Validation Certification Suite › Section A — POST /inventory Joi Input Validation › IV-INV-011 | Reject malformed ObjectId warehouseId" classname="inventory.validation.spec.ts" time="0.198">
</testcase>
<testcase name="Inventory Validation Certification Suite › Section A — POST /inventory Joi Input Validation › IV-INV-012 | Unknown product returns 404" classname="inventory.validation.spec.ts" time="0.197">
</testcase>
<testcase name="Inventory Validation Certification Suite › Section A — POST /inventory Joi Input Validation › IV-INV-013 | Unknown warehouse returns 404" classname="inventory.validation.spec.ts" time="0.226">
</testcase>
<testcase name="Inventory Validation Certification Suite › Section A — POST /inventory Joi Input Validation › IV-INV-014 | Valid POST add succeeds" classname="inventory.validation.spec.ts" time="0.267">
</testcase>
<testcase name="Inventory Validation Certification Suite › Section A — POST /inventory Joi Input Validation › IV-INV-015 | Decimal stock &gt;= 1 allowed on POST" classname="inventory.validation.spec.ts" time="0.28">
</testcase>
<testcase name="Inventory Validation Certification Suite › Section B — PATCH /inventory/update Business Validation › IV-INV-016 | SUBTRACT beyond available stock rejected" classname="inventory.validation.spec.ts" time="0.215">
</testcase>
<testcase name="Inventory Validation Certification Suite › Section B — PATCH /inventory/update Business Validation › IV-INV-017 | SET stock to zero allowed" classname="inventory.validation.spec.ts" time="0.229">
</testcase>
<testcase name="Inventory Validation Certification Suite › Section B — PATCH /inventory/update Business Validation › IV-INV-018 | SET negative stock rejected by model min" classname="inventory.validation.spec.ts" time="0.252">
</testcase>
<testcase name="Inventory Validation Certification Suite › Section B — PATCH /inventory/update Business Validation › IV-INV-019 | SET restores positive stock" classname="inventory.validation.spec.ts" time="0.202">
</testcase>
<testcase name="Inventory Validation Certification Suite › Section B — PATCH /inventory/update Business Validation › IV-INV-020 | ADD increases stock" classname="inventory.validation.spec.ts" time="0.224">
</testcase>
<testcase name="Inventory Validation Certification Suite › Section B — PATCH /inventory/update Business Validation › IV-INV-021 | SUBTRACT decreases stock when sufficient" classname="inventory.validation.spec.ts" time="0.197">
</testcase>
<testcase name="Inventory Validation Certification Suite › Section B — PATCH /inventory/update Business Validation › IV-INV-022 | Unknown type treated as SET" classname="inventory.validation.spec.ts" time="0.223">
</testcase>
<testcase name="Inventory Validation Certification Suite › Section B — PATCH /inventory/update Business Validation › IV-INV-023 | ADD without inventory row returns 404" classname="inventory.validation.spec.ts" time="0.197">
</testcase>
<testcase name="Inventory Validation Certification Suite › Section B — PATCH /inventory/update Business Validation › IV-INV-024 | SUBTRACT without inventory row returns 404" classname="inventory.validation.spec.ts" time="0.203">
</testcase>
<testcase name="Inventory Validation Certification Suite › Section B — PATCH /inventory/update Business Validation › IV-INV-025 | PATCH invalid ObjectId rejected" classname="inventory.validation.spec.ts" time="0.166">
</testcase>
<testcase name="Inventory Validation Certification Suite › Section B — PATCH /inventory/update Business Validation › IV-INV-026 | PATCH missing productId on SET create rejected" classname="inventory.validation.spec.ts" time="0.202">
</testcase>
<testcase name="Inventory Validation Certification Suite › Section B — PATCH /inventory/update Business Validation › IV-INV-027 | PATCH missing warehouseId on SET create rejected" classname="inventory.validation.spec.ts" time="0.197">
</testcase>
<testcase name="Inventory Validation Certification Suite › Section B — PATCH /inventory/update Business Validation › IV-INV-028 | Vendor PATCH valid SET succeeds" classname="inventory.validation.spec.ts" time="0.247">
</testcase>
<testcase name="Inventory Validation Certification Suite › Section B — PATCH /inventory/update Business Validation › IV-INV-029 | Vendor POST add forbidden (authz edge, not Joi)" classname="inventory.validation.spec.ts" time="0.149">
</testcase>
<testcase name="Inventory Validation Certification Suite › Section C — Status Consistency (400 vs 404) › IV-INV-030 | Malformed id is 400, unknown product is 404 on POST" classname="inventory.validation.spec.ts" time="0.376">
</testcase>
<testcase name="Inventory Validation Certification Suite › Section C — Status Consistency (400 vs 404) › IV-INV-031 | Insufficient stock is 400 not 404" classname="inventory.validation.spec.ts" time="0.194">
</testcase>
<testcase name="Inventory Validation Certification Suite › Section C — Status Consistency (400 vs 404) › IV-INV-032 | Error responses include string message" classname="inventory.validation.spec.ts" time="0.186">
</testcase>
<testcase name="Inventory Validation Certification Suite › Section D — Sanitization &amp; Injection › IV-INV-033 | Mongo operator injection on productId rejected" classname="inventory.validation.spec.ts" time="0.165">
</testcase>
<testcase name="Inventory Validation Certification Suite › Section D — Sanitization &amp; Injection › IV-INV-034 | Mongo operator injection on PATCH stock rejected or ignored safely" classname="inventory.validation.spec.ts" time="0.203">
</testcase>
<testcase name="Inventory Validation Certification Suite › Section D — Sanitization &amp; Injection › IV-INV-035 | Prototype pollution keys do not escalate POST" classname="inventory.validation.spec.ts" time="0.271">
</testcase>
<testcase name="Inventory Validation Certification Suite › Section D — Sanitization &amp; Injection › IV-INV-036 | XSS string as productId rejected" classname="inventory.validation.spec.ts" time="0.172">
</testcase>
<testcase name="Inventory Validation Certification Suite › Section D — Sanitization &amp; Injection › IV-INV-037 | SQL injection string as warehouseId rejected" classname="inventory.validation.spec.ts" time="0.209">
</testcase>
<testcase name="Inventory Validation Certification Suite › Section D — Sanitization &amp; Injection › IV-INV-038 | Unicode stock rejected" classname="inventory.validation.spec.ts" time="0.157">
</testcase>
<testcase name="Inventory Validation Certification Suite › Section D — Sanitization &amp; Injection › IV-INV-039 | Extremely large stock on PATCH SET is handled" classname="inventory.validation.spec.ts" time="0.44">
</testcase>
<testcase name="Inventory Validation Certification Suite › Section D — Sanitization &amp; Injection › IV-INV-040 | Oversized productId string rejected" classname="inventory.validation.spec.ts" time="0.187">
</testcase>
<testcase name="Inventory Validation Certification Suite › Section E — Transport / Content-Type › IV-INV-041 | Invalid JSON body on POST rejected" classname="inventory.validation.spec.ts" time="0.055">
</testcase>
<testcase name="Inventory Validation Certification Suite › Section E — Transport / Content-Type › IV-INV-042 | Invalid JSON body on PATCH rejected" classname="inventory.validation.spec.ts" time="0.042">
</testcase>
<testcase name="Inventory Validation Certification Suite › Section E — Transport / Content-Type › IV-INV-043 | Unsupported Content-Type text/plain on POST" classname="inventory.validation.spec.ts" time="0.151">
</testcase>
<testcase name="Inventory Validation Certification Suite › Section E — Transport / Content-Type › IV-INV-044 | Missing Content-Type with JSON-looking body" classname="inventory.validation.spec.ts" time="0.157">
</testcase>
<testcase name="Inventory Validation Certification Suite › Section E — Transport / Content-Type › IV-INV-045 | Empty body on POST rejected" classname="inventory.validation.spec.ts" time="0.183">
</testcase>
<testcase name="Inventory Validation Certification Suite › Section E — Transport / Content-Type › IV-INV-046 | Unexpected extra fields allowed by Joi (allowUnknown)" classname="inventory.validation.spec.ts" time="0.256">
</testcase>
<testcase name="Inventory Validation Certification Suite › Section F — Frontend Client Validation › IV-INV-047 | Negative stock shows client validation message" classname="inventory.validation.spec.ts" time="4.204">
</testcase>
<testcase name="Inventory Validation Certification Suite › Section F — Frontend Client Validation › IV-INV-048 | Non-numeric stock shows client validation message" classname="inventory.validation.spec.ts" time="4.12">
</testcase>
<testcase name="Inventory Validation Certification Suite › Section F — Frontend Client Validation › IV-INV-049 | Valid SET via modal succeeds" classname="inventory.validation.spec.ts" time="5.948">
</testcase>
<testcase name="Inventory Validation Certification Suite › Section F — Frontend Client Validation › IV-INV-050 | Zero stock via modal allowed client-side" classname="inventory.validation.spec.ts" time="4.843">
</testcase>
<testcase name="Inventory Validation Certification Suite › Section G — Reads &amp; Boundary › IV-INV-051 | GET /inventory succeeds for admin" classname="inventory.validation.spec.ts" time="0.459">
</testcase>
<testcase name="Inventory Validation Certification Suite › Section G — Reads &amp; Boundary › IV-INV-052 | GET /inventory/stats succeeds for admin" classname="inventory.validation.spec.ts" time="0.981">
</testcase>
<testcase name="Inventory Validation Certification Suite › Section G — Reads &amp; Boundary › IV-INV-053 | POST stock string numeric coerced when valid" classname="inventory.validation.spec.ts" time="0.467">
</testcase>
<testcase name="Inventory Validation Certification Suite › Section G — Reads &amp; Boundary › IV-INV-054 | Whitespace-only productId rejected" classname="inventory.validation.spec.ts" time="0.252">
</testcase>
<testcase name="Inventory Validation Certification Suite › Section G — Reads &amp; Boundary › IV-INV-055 | Boolean stock rejected" classname="inventory.validation.spec.ts" time="0.185">
</testcase>
<testcase name="Inventory Validation Certification Suite › Section G — Reads &amp; Boundary › IV-INV-056 | Array stock rejected" classname="inventory.validation.spec.ts" time="0.179">
</testcase>
<testcase name="Inventory Validation Certification Suite › Section G — Reads &amp; Boundary › IV-INV-057 | Nested object body rejected for productId" classname="inventory.validation.spec.ts" time="0.183">
</testcase>
<testcase name="Inventory Validation Certification Suite › Section G — Reads &amp; Boundary › IV-INV-058 | SUBTRACT exact available stock succeeds" classname="inventory.validation.spec.ts" time="0.693">
</testcase>
<testcase name="Inventory Validation Certification Suite › Section G — Reads &amp; Boundary › IV-INV-059 | SUBTRACT one more than available rejected" classname="inventory.validation.spec.ts" time="0.659">
</testcase>
<testcase name="Inventory Validation Certification Suite › Section G — Reads &amp; Boundary › IV-INV-060 | Success envelope for PATCH SET" classname="inventory.validation.spec.ts" time="0.239">
</testcase>
</testsuite>
</testsuites>